[0;34m[2025-09-07 15:09:48][0m Checking for MSF workspace: org-domainh-PTE-Sep-2025-Azure
[0;34m[2025-09-07 15:09:54][0m Workspace org-domainh-PTE-Sep-2025-Azure does not exist. Creating...
[0;34m[2025-09-07 15:10:01][0m Workspace org-domainh-PTE-Sep-2025-Azure created.
[0;34m[2025-09-07 15:10:01][0m Starting comprehensive port scanning for org-domainh-PTE-Sep-2025-Azure
[0;34m[2025-09-07 15:10:01][0m 1. Performing initial discovery scan...
[0;34m[2025-09-07 15:10:21][0m Discovery scan completed
[0;34m[2025-09-07 15:10:21][0m 2. Performing TCP port scanning...
[0;34m[2025-09-07 15:29:35][0m TCP full scan completed
[0;34m[2025-09-07 15:29:35][0m 3. Performing detailed scan on common ports...
[0;34m[2025-09-08 10:56:01][0m Checking for MSF workspace: org-domainh-PTE-Sep-2025-Azure
[0;34m[2025-09-08 10:56:09][0m Workspace org-domainh-PTE-Sep-2025-Azure already exists.
[0;34m[2025-09-08 10:56:09][0m Starting comprehensive port scanning for org-domainh-PTE-Sep-2025-Azure
[0;34m[2025-09-08 10:56:09][0m 3. Performing detailed scan on common ports...
[0;34m[2025-09-08 10:58:49][0m Common ports scan completed
[0;34m[2025-09-08 10:58:49][0m 4. Performing UDP port scanning...
[0;34m[2025-09-08 11:09:24][0m UDP scan completed
[0;34m[2025-09-08 11:09:24][0m 5. Performing service-specific enumeration...
[0;34m[2025-09-08 11:45:54][0m Service enumeration completed
[0;34m[2025-09-08 11:45:54][0m 6. Generating scan report...
[0;34m[2025-09-08 11:46:00][0m Comprehensive port scanning completed successfully!
[0;34m[2025-09-08 11:46:00][0m Results saved to: evidence/port_scan2
[0;34m[2025-09-08 11:46:00][0m Scan report: evidence/port_scan2/report.md
[0;34m[2025-09-08 11:46:00][0m 6. Generating scan report...
[0;34m[2025-09-08 11:46:08][0m Comprehensive port scanning completed successfully!
[0;34m[2025-09-08 11:46:08][0m Results saved to: evidence/port_scan2
[0;34m[2025-09-08 11:46:08][0m Scan report: evidence/port_scan2/report.md
